<?xml version="1.0" encoding="UTF-8"?>
<testng-results skipped="0" failed="0" ignored="0" total="1" passed="1">
  <reporter-output>
  </reporter-output>
  <suite name="Default suite" duration-ms="31920" started-at="2017-07-18T17:26:56Z" finished-at="2017-07-18T17:27:28Z">
    <groups>
    </groups>
    <test name="Default test" duration-ms="31920" started-at="2017-07-18T17:26:56Z" finished-at="2017-07-18T17:27:28Z">
      <class name="Class2.PopEnable">
        <test-method status="PASS" signature="beforeTest()[pri:0, instance:Class2.PopEnable@548b7f67]" name="beforeTest" is-config="true" duration-ms="10496" started-at="2017-07-18T22:56:56Z" finished-at="2017-07-18T22:57:07Z">
          <reporter-output>
          </reporter-output>
        </test-method> <!-- beforeTest -->
        <test-method status="PASS" signature="f()[pri:0, instance:Class2.PopEnable@548b7f67]" name="f" duration-ms="21369" started-at="2017-07-18T22:57:07Z" finished-at="2017-07-18T22:57:28Z">
          <reporter-output>
          </reporter-output>
        </test-method> <!-- f -->
        <test-method status="PASS" signature="afterTest()[pri:0, instance:Class2.PopEnable@548b7f67]" name="afterTest" is-config="true" duration-ms="1" started-at="2017-07-18T22:57:28Z" finished-at="2017-07-18T22:57:28Z">
          <reporter-output>
          </reporter-output>
        </test-method> <!-- afterTest -->
      </class> <!-- Class2.PopEnable -->
    </test> <!-- Default test -->
  </suite> <!-- Default suite -->
</testng-results>
