<?xml version="1.0" encoding="UTF-8"?>
<testng-results skipped="0" failed="0" ignored="0" total="2" passed="2">
  <reporter-output>
  </reporter-output>
  <suite name="Default suite" duration-ms="19007" started-at="2017-07-25T11:12:19Z" finished-at="2017-07-25T11:12:38Z">
    <groups>
    </groups>
    <test name="Default test" duration-ms="19007" started-at="2017-07-25T11:12:19Z" finished-at="2017-07-25T11:12:38Z">
      <class name="Class3.TestScript1">
        <test-method status="PASS" signature="beforeMethod()[pri:0, instance:Class3.TestScript1@50c87b21]" name="beforeMethod" is-config="true" duration-ms="6583" started-at="2017-07-25T16:42:19Z" finished-at="2017-07-25T16:42:26Z">
          <reporter-output>
          </reporter-output>
        </test-method> <!-- beforeMethod -->
        <test-method status="PASS" signature="Login1()[pri:0, instance:Class3.TestScript1@50c87b21]" name="Login1" duration-ms="3305" started-at="2017-07-25T16:42:26Z" finished-at="2017-07-25T16:42:29Z">
          <reporter-output>
          </reporter-output>
        </test-method> <!-- Login1 -->
        <test-method status="PASS" signature="afterMethod()[pri:0, instance:Class3.TestScript1@50c87b21]" name="afterMethod" is-config="true" duration-ms="1" started-at="2017-07-25T16:42:29Z" finished-at="2017-07-25T16:42:29Z">
          <reporter-output>
          </reporter-output>
        </test-method> <!-- afterMethod -->
        <test-method status="PASS" signature="beforeMethod()[pri:0, instance:Class3.TestScript1@50c87b21]" name="beforeMethod" is-config="true" duration-ms="5799" started-at="2017-07-25T16:42:29Z" finished-at="2017-07-25T16:42:35Z">
          <reporter-output>
          </reporter-output>
        </test-method> <!-- beforeMethod -->
        <test-method status="PASS" signature="Login2()[pri:0, instance:Class3.TestScript1@50c87b21]" name="Login2" duration-ms="3299" started-at="2017-07-25T16:42:35Z" finished-at="2017-07-25T16:42:38Z">
          <reporter-output>
          </reporter-output>
        </test-method> <!-- Login2 -->
        <test-method status="PASS" signature="afterMethod()[pri:0, instance:Class3.TestScript1@50c87b21]" name="afterMethod" is-config="true" duration-ms="0" started-at="2017-07-25T16:42:38Z" finished-at="2017-07-25T16:42:38Z">
          <reporter-output>
          </reporter-output>
        </test-method> <!-- afterMethod -->
      </class> <!-- Class3.TestScript1 -->
    </test> <!-- Default test -->
  </suite> <!-- Default suite -->
</testng-results>
